<?xml version="1.0" encoding="UTF-8"?>
<testsuite xmlns:xsi="http://www.w3.org/2001/XMLSchema-instance" xsi:noNamespaceSchemaLocation="https://maven.apache.org/surefire/maven-surefire-plugin/xsd/surefire-test-report-3.0.xsd" version="3.0" name="org.myDish.LambdaHandlerTest" time="11.161" tests="1" errors="0" skipped="0" failures="0">
  <properties>
[...]
</properties>
  <testcase name="testSimpleLambdaSuccess" classname="org.myDish.LambdaHandlerTest" time="0.329">
    <system-out><![CDATA[2021-04-12 08:20:21,486 WARN  [io.qua.dep.QuarkusAugmentor] (main) Using Java versions older than 11 to build Quarkus applications is deprecated and will be disallowed in a future release!
2021-04-12 08:20:30,938 INFO  [io.quarkus] (main) Quarkus 1.13.1.Final on JVM started in 9.593s. 
2021-04-12 08:20:30,939 INFO  [io.quarkus] (main) Profile test activated. 
2021-04-12 08:20:30,941 INFO  [io.quarkus] (main) Installed features: [amazon-dynamodb, amazon-lambda, cdi]
]]></system-out>
  </testcase>
</testsuite>